#
# There is insufficient memory for the Java Runtime Environment to continue.
# Native memory allocation (mmap) failed to map 266338304 bytes. Error detail: G1 virtual space
# Possible reasons:
#   The system is out of physical RAM or swap space
#   This process is running with CompressedOops enabled, and the Java Heap may be blocking the growth of the native heap
# Possible solutions:
#   Reduce memory load on the system
#   Increase physical memory or swap space
#   Check if swap backing store is full
#   Decrease Java heap size (-Xmx/-Xms)
#   Decrease number of Java threads
#   Decrease Java thread stack sizes (-Xss)
#   Set larger code cache with -XX:ReservedCodeCacheSize=
#   JVM is running with Zero Based Compressed Oops mode in which the Java heap is
#     placed in the first 32GB address space. The Java Heap base address is the
#     maximum limit for the native heap growth. Please use -XX:HeapBaseMinAddress
#     to set the Java Heap base and to place the Java Heap above 32GB virtual address.
# This output file may be truncated or incomplete.
#
#  Out of Memory Error (os_windows.cpp:3618), pid=5308, tid=5548
#
# JRE version:  (17.0.14+7) (build )
# Java VM: OpenJDK 64-Bit Server VM (17.0.14+7, mixed mode, emulated-client, sharing, tiered, compressed oops, compressed class ptrs, g1 gc, windows-amd64)
# No core dump will be written. Minidumps are not enabled by default on client versions of Windows
#

---------------  S U M M A R Y ------------

Command Line: -XX:TieredStopAtLevel=1 -Dspring.output.ansi.enabled=always -Dcom.sun.management.jmxremote -Dspring.jmx.enabled=true -Dspring.liveBeansView.mbeanDomain -Dspring.application.admin.enabled=true -Dmanagement.endpoints.jmx.exposure.include=* -javaagent:C:\Program Files\JetBrains\IntelliJ IDEA 2025.2.3\lib\idea_rt.jar=57309 -Dfile.encoding=UTF-8 com.soletsgo.JobAppRest.JobAppRestApplication

Host: Intel(R) Core(TM) i5-10300H CPU @ 2.50GHz, 8 cores, 15G,  Windows 11 , 64 bit Build 26100 (10.0.26100.6725)
Time: Wed Nov  5 12:22:48 2025 Greenwich elapsed time: 1.227714 seconds (0d 0h 0m 1s)

---------------  T H R E A D  ---------------

Current thread (0x000001611115f3b0):  JavaThread "Unknown thread" [_thread_in_vm, id=5548, stack(0x0000002f18b00000,0x0000002f18c00000)]

Stack: [0x0000002f18b00000,0x0000002f18c00000]
Native frames: (J=compiled Java code, j=interpreted, Vv=VM code, C=native code)
V  [jvm.dll+0x682eb9]
V  [jvm.dll+0x8399c8]
V  [jvm.dll+0x83b473]
V  [jvm.dll+0x83bae3]
V  [jvm.dll+0x24715f]
V  [jvm.dll+0x67fc99]
V  [jvm.dll+0x674b8a]
V  [jvm.dll+0x304c06]
V  [jvm.dll+0x30c0c6]
V  [jvm.dll+0x35dc3e]
V  [jvm.dll+0x35de7d]
V  [jvm.dll+0x2dbfcc]
V  [jvm.dll+0x2dcee4]
V  [jvm.dll+0x80b8db]
V  [jvm.dll+0x36b671]
V  [jvm.dll+0x7ea2cf]
V  [jvm.dll+0x3f226f]
V  [jvm.dll+0x3f3da1]
C  [jli.dll+0x5278]
C  [ucrtbase.dll+0x37b0]
C  [KERNEL32.DLL+0x2e8d7]
C  [ntdll.dll+0x8c53c]


---------------  P R O C E S S  ---------------

Threads class SMR info:
_java_thread_list=0x00007ffd9de97f58, length=0, elements={
}

Java Threads: ( => current thread )

Other Threads:
  0x00000161111cc970 GCTaskThread "GC Thread#0" [stack: 0x0000002f18c00000,0x0000002f18d00000] [id=4604]
  0x00000161111df320 ConcurrentGCThread "G1 Main Marker" [stack: 0x0000002f18d00000,0x0000002f18e00000] [id=18764]
  0x00000161111e1390 ConcurrentGCThread "G1 Conc#0" [stack: 0x0000002f18e00000,0x0000002f18f00000] [id=9424]

[error occurred during error reporting (printing all threads), id 0xc0000005, EXCEPTION_ACCESS_VIOLATION (0xc0000005) at pc=0x00007ffd9d64caf7]

VM state: not at safepoint (not fully initialized)

VM Mutex/Monitor currently owned by a thread:  ([mutex/lock_event])
[0x000001611115c8a0] Heap_lock - owner thread: 0x000001611115f3b0

Heap address: 0x0000000702800000, size: 4056 MB, Compressed Oops mode: Zero based, Oop shift amount: 3

CDS archive(s) mapped at: [0x0000000000000000-0x0000000000000000-0x0000000000000000), size 0, SharedBaseAddress: 0x0000000800000000, ArchiveRelocationMode: 1.
Narrow klass base: 0x0000000000000000, Narrow klass shift: 0, Narrow klass range: 0x0

GC Precious Log:
<Empty>

Heap:
 garbage-first heap   total 0K, used 0K [0x0000000702800000, 0x0000000800000000)
  region size 2048K, 0 young (0K), 0 survivors (0K)

[error occurred during error reporting (printing heap information), id 0xc0000005, EXCEPTION_ACCESS_VIOLATION (0xc0000005) at pc=0x00007ffd9da3c619]

GC Heap History (0 events):
No events

Dll operation events (1 events):
Event: 0.008 Loaded shared library C:\Users\ndiay\.gradle\jdks\eclipse_adoptium-17-amd64-windows.2\bin\java.dll

Deoptimization events (0 events):
No events

Classes loaded (0 events):
No events

Classes unloaded (0 events):
No events

Classes redefined (0 events):
No events

Internal exceptions (0 events):
No events

VM Operations (0 events):
No events

Memory protections (0 events):
No events

Nmethod flushes (0 events):
No events

Events (0 events):
No events


Dynamic libraries:
0x00007ff74a5a0000 - 0x00007ff74a5ae000 	C:\Users\ndiay\.gradle\jdks\eclipse_adoptium-17-amd64-windows.2\bin\java.exe
0x00007ffe4f180000 - 0x00007ffe4f3e8000 	C:\WINDOWS\SYSTEM32\ntdll.dll
0x00007ffe4d2f0000 - 0x00007ffe4d3b9000 	C:\WINDOWS\System32\KERNEL32.DLL
0x00007ffe4c9b0000 - 0x00007ffe4cda2000 	C:\WINDOWS\System32\KERNELBASE.dll
0x00007ffe4c3a0000 - 0x00007ffe4c4eb000 	C:\WINDOWS\System32\ucrtbase.dll
0x00007ffe24540000 - 0x00007ffe2455e000 	C:\Users\ndiay\.gradle\jdks\eclipse_adoptium-17-amd64-windows.2\bin\VCRUNTIME140.dll
0x00007ffe24080000 - 0x00007ffe24097000 	C:\Users\ndiay\.gradle\jdks\eclipse_adoptium-17-amd64-windows.2\bin\jli.dll
0x00007ffe4d010000 - 0x00007ffe4d1d5000 	C:\WINDOWS\System32\USER32.dll
0x00007ffe37840000 - 0x00007ffe37ad3000 	C:\WINDOWS\WinSxS\amd64_microsoft.windows.common-controls_6595b64144ccf1df_6.0.26100.6899_none_3e0efeeae32e88c1\COMCTL32.dll
0x00007ffe4cdb0000 - 0x00007ffe4cdd7000 	C:\WINDOWS\System32\win32u.dll
0x00007ffe4e270000 - 0x00007ffe4e319000 	C:\WINDOWS\System32\msvcrt.dll
0x00007ffe4f080000 - 0x00007ffe4f0ab000 	C:\WINDOWS\System32\GDI32.dll
0x00007ffe4c590000 - 0x00007ffe4c6bd000 	C:\WINDOWS\System32\gdi32full.dll
0x00007ffe4c6c0000 - 0x00007ffe4c763000 	C:\WINDOWS\System32\msvcp_win.dll
0x00007ffe4e320000 - 0x00007ffe4e34f000 	C:\WINDOWS\System32\IMM32.DLL
0x00007ffe2cb00000 - 0x00007ffe2cb0c000 	C:\Users\ndiay\.gradle\jdks\eclipse_adoptium-17-amd64-windows.2\bin\vcruntime140_1.dll
0x00007ffdebb90000 - 0x00007ffdebc1d000 	C:\Users\ndiay\.gradle\jdks\eclipse_adoptium-17-amd64-windows.2\bin\msvcp140.dll
0x00007ffd9d360000 - 0x00007ffd9dfcb000 	C:\Users\ndiay\.gradle\jdks\eclipse_adoptium-17-amd64-windows.2\bin\server\jvm.dll
0x00007ffe4dea0000 - 0x00007ffe4df54000 	C:\WINDOWS\System32\ADVAPI32.dll
0x00007ffe4cf60000 - 0x00007ffe4d006000 	C:\WINDOWS\System32\sechost.dll
0x00007ffe4e8e0000 - 0x00007ffe4e9f8000 	C:\WINDOWS\System32\RPCRT4.dll
0x00007ffe4e040000 - 0x00007ffe4e0b4000 	C:\WINDOWS\System32\WS2_32.dll
0x00007ffe4c170000 - 0x00007ffe4c1ce000 	C:\WINDOWS\SYSTEM32\POWRPROF.dll
0x00007ffe403e0000 - 0x00007ffe403eb000 	C:\WINDOWS\SYSTEM32\VERSION.dll
0x00007ffe3c2e0000 - 0x00007ffe3c315000 	C:\WINDOWS\SYSTEM32\WINMM.dll
0x00007ffe4c150000 - 0x00007ffe4c164000 	C:\WINDOWS\SYSTEM32\UMPDC.dll
0x00007ffe4b0e0000 - 0x00007ffe4b0fb000 	C:\WINDOWS\SYSTEM32\kernel.appcore.dll
0x00007ffe2ca90000 - 0x00007ffe2ca9a000 	C:\Users\ndiay\.gradle\jdks\eclipse_adoptium-17-amd64-windows.2\bin\jimage.dll
0x00007ffe49370000 - 0x00007ffe495b2000 	C:\WINDOWS\SYSTEM32\DBGHELP.DLL
0x00007ffe4ed00000 - 0x00007ffe4f07b000 	C:\WINDOWS\System32\combase.dll
0x00007ffe4df60000 - 0x00007ffe4e037000 	C:\WINDOWS\System32\OLEAUT32.dll
0x00007ffe36300000 - 0x00007ffe3633c000 	C:\WINDOWS\SYSTEM32\dbgcore.DLL
0x00007ffe4c4f0000 - 0x00007ffe4c588000 	C:\WINDOWS\System32\bcryptPrimitives.dll
0x00007ffe47250000 - 0x00007ffe4725e000 	C:\Users\ndiay\.gradle\jdks\eclipse_adoptium-17-amd64-windows.2\bin\instrument.dll
0x00007ffe21170000 - 0x00007ffe21195000 	C:\Users\ndiay\.gradle\jdks\eclipse_adoptium-17-amd64-windows.2\bin\java.dll

dbghelp: loaded successfully - version: 4.0.5 - missing functions: none
symbol engine: initialized successfully - sym options: 0x614 - pdb path: .;C:\Users\ndiay\.gradle\jdks\eclipse_adoptium-17-amd64-windows.2\bin;C:\WINDOWS\SYSTEM32;C:\WINDOWS\WinSxS\amd64_microsoft.windows.common-controls_6595b64144ccf1df_6.0.26100.6899_none_3e0efeeae32e88c1;C:\Users\ndiay\.gradle\jdks\eclipse_adoptium-17-amd64-windows.2\bin\server

VM Arguments:
jvm_args: -XX:TieredStopAtLevel=1 -Dspring.output.ansi.enabled=always -Dcom.sun.management.jmxremote -Dspring.jmx.enabled=true -Dspring.liveBeansView.mbeanDomain -Dspring.application.admin.enabled=true -Dmanagement.endpoints.jmx.exposure.include=* -javaagent:C:\Program Files\JetBrains\IntelliJ IDEA 2025.2.3\lib\idea_rt.jar=57309 -Dfile.encoding=UTF-8 
java_command: com.soletsgo.JobAppRest.JobAppRestApplication
java_class_path (initial): C:\Users\ndiay\Downloads\Personnal_Projects\Java_Spring_Courses\JobAppRest\target\classes;C:\Users\ndiay\.m2\repository\org\springframework\boot\spring-boot-starter-web\3.5.7\spring-boot-starter-web-3.5.7.jar;C:\Users\ndiay\.m2\repository\org\springframework\boot\spring-boot-starter\3.5.7\spring-boot-starter-3.5.7.jar;C:\Users\ndiay\.m2\repository\org\springframework\boot\spring-boot\3.5.7\spring-boot-3.5.7.jar;C:\Users\ndiay\.m2\repository\org\springframework\boot\spring-boot-autoconfigure\3.5.7\spring-boot-autoconfigure-3.5.7.jar;C:\Users\ndiay\.m2\repository\org\springframework\boot\spring-boot-starter-logging\3.5.7\spring-boot-starter-logging-3.5.7.jar;C:\Users\ndiay\.m2\repository\ch\qos\logback\logback-classic\1.5.20\logback-classic-1.5.20.jar;C:\Users\ndiay\.m2\repository\ch\qos\logback\logback-core\1.5.20\logback-core-1.5.20.jar;C:\Users\ndiay\.m2\repository\org\apache\logging\log4j\log4j-to-slf4j\2.24.3\log4j-to-slf4j-2.24.3.jar;C:\Users\ndiay\.m2\repository\org\apache\logging\log4j\log4j-api\2.24.3\log4j-api-2.24.3.jar;C:\Users\ndiay\.m2\repository\org\slf4j\jul-to-slf4j\2.0.17\jul-to-slf4j-2.0.17.jar;C:\Users\ndiay\.m2\repository\jakarta\annotation\jakarta.annotation-api\2.1.1\jakarta.annotation-api-2.1.1.jar;C:\Users\ndiay\.m2\repository\org\yaml\snakeyaml\2.4\snakeyaml-2.4.jar;C:\Users\ndiay\.m2\repository\org\springframework\boot\spring-boot-starter-json\3.5.7\spring-boot-starter-json-3.5.7.jar;C:\Users\ndiay\.m2\repository\com\fasterxml\jackson\core\jackson-databind\2.19.2\jackson-databind-2.19.2.jar;C:\Users\ndiay\.m2\repository\com\fasterxml\jackson\core\jackson-annotations\2.19.2\jackson-annotations-2.19.2.jar;C:\Users\ndiay\.m2\repository\com\fasterxml\jackson\core\jackson-core\2.19.2\jackson-core-2.19.2.jar;C:\Users\ndiay\.m2\repository\com\fasterxml\jackson\datatype\jackson-datatype-jdk8\2.19.2\jackson-datatype-jdk8-2.19.2.jar;C:\Users\ndiay\.m2\repository\com\fasterxml\jackson\datatype\jackson-datatype-jsr310\2.19.2
Launcher Type: SUN_STANDARD

[Global flags]
     intx CICompilerCount                          = 4                                         {product} {ergonomic}
     uint ConcGCThreads                            = 2                                         {product} {ergonomic}
     uint G1ConcRefinementThreads                  = 8                                         {product} {ergonomic}
   size_t G1HeapRegionSize                         = 2097152                                   {product} {ergonomic}
    uintx GCDrainStackTargetSize                   = 64                                        {product} {ergonomic}
   size_t InitialHeapSize                          = 266338304                                 {product} {ergonomic}
     bool ManagementServer                         = true                                      {product} {command line}
   size_t MarkStackSize                            = 4194304                                   {product} {ergonomic}
   size_t MaxHeapSize                              = 4253024256                                {product} {ergonomic}
   size_t MinHeapDeltaBytes                        = 2097152                                   {product} {ergonomic}
   size_t MinHeapSize                              = 8388608                                   {product} {ergonomic}
    uintx NonProfiledCodeHeapSize                  = 0                                      {pd product} {ergonomic}
     bool ProfileInterpreter                       = false                                  {pd product} {command line}
    uintx ProfiledCodeHeapSize                     = 0                                      {pd product} {ergonomic}
   size_t SoftMaxHeapSize                          = 4253024256                             {manageable} {ergonomic}
     intx TieredStopAtLevel                        = 1                                         {product} {command line}
     bool UseCompressedClassPointers               = true                           {product lp64_product} {ergonomic}
     bool UseCompressedOops                        = true                           {product lp64_product} {ergonomic}
     bool UseG1GC                                  = true                                      {product} {ergonomic}
     bool UseLargePagesIndividualAllocation        = false                                  {pd product} {ergonomic}

Logging:
Log output configuration:
 #0: stdout all=warning uptime,level,tags
 #1: stderr all=off uptime,level,tags

Environment Variables:
JAVA_HOME=C:\dev\jdk8\bin
PATH=C:\Program Files\Common Files\Oracle\Java\javapath;C:\Windows\system32;C:\Windows;C:\Windows\System32\Wbem;C:\Windows\System32\WindowsPowerShell\v1.0\;C:\Windows\System32\OpenSSH\;C:\Program Files (x86)\NVIDIA Corporation\PhysX\Common;C:\WINDOWS\system32;C:\WINDOWS;C:\WINDOWS\System32\Wbem;C:\WINDOWS\System32\WindowsPowerShell\v1.0\;C:\WINDOWS\System32\OpenSSH\;C:\dev\Git\cmd;C:\dev\Git\bin;C:\dev\fop-2.10\fop;C:\dev\apache-ant-1.7.0\bin;C:\Program Files\NVIDIA Corporation\NVIDIA app\NvDLISR;C:\Program Files\dotnet\;C:\dev\node\;C:\ProgramData\chocolatey\bin;C:\Program Files\Microsoft SQL Server\150\Tools\Binn\;C:\Users\ndiay\AppData\Local\Android\Sdk\platform-tools;C:\dev\jdk8\bin\bin;C:\Users\ndiay\AppData\Local\Android\Sdk\tools;C:\Users\ndiay\AppData\Local\Android\Sdk\tools\bin;C:\Users\ndiay\AppData\Local\Android\Sdk\emulator;C:\msys64\ucrt64\bin;C:\dev\assimp\bin;%VCPKG_HOME%;%OPENCV_HOME%;%CMAKE_HOME%\bin;C:\dev\cmake-4.0.1-windows-x86_64\cmake-4.0.1-windows-x86_64\bin;C:\dev\gstreamer\1.0\msvc_x86_64\bin;C:\dev\gstreamer-runtime\1.0\msvc_x86_64\bin;C:\Users\ndiay\AppData\Local\Android\Sdk;C:\dev\gradle-8.14\bin;C:\Users\ndiay\AppData\Local\Android\Sdk\cmdline-tools\latest\bin;C:\dev\OpenSSL-Win64\bin;C:\Program Files\Java\jdk-17\bin;C:\Program Files\PostgreSQL\17\bin;C:\dev\go\bin;C:\Users\ndiay\AppData\Local\pnpm;C:\Users\ndiay\AppData\Local\Microsoft\WindowsApps;C:\dev\Microsoft VS Code\bin;C:\Users\ndiay\AppData\Local\Muse Hub\lib;C:\Users\ndiay\AppData\Roaming\npm;C:\Users\ndiay\.dotnet\tools;
USERNAME=ndiay
OS=Windows_NT
PROCESSOR_IDENTIFIER=Intel64 Family 6 Model 165 Stepping 2, GenuineIntel
TMP=C:\Users\ndiay\AppData\Local\Temp
TEMP=C:\Users\ndiay\AppData\Local\Temp



Periodic native trim disabled


---------------  S Y S T E M  ---------------

OS:
 Windows 11 , 64 bit Build 26100 (10.0.26100.6725)
OS uptime: 0 days 2:52 hours

CPU: total 8 (initial active 8) (4 cores per cpu, 2 threads per core) family 6 model 165 stepping 2 microcode 0xec, cx8, cmov, fxsr, ht, mmx, 3dnowpref, sse, sse2, sse3, ssse3, sse4.1, sse4.2, popcnt, lzcnt, tsc, tscinvbit, avx, avx2, aes, erms, clmul, bmi1, bmi2, adx, fma, vzeroupper, clflush, clflushopt
Processor Information for all 8 processors :
  Max Mhz: 2496, Current Mhz: 2496, Mhz Limit: 2496

Memory: 4k page, system-wide physical 16219M (3466M free)
TotalPageFile size 16219M (AvailPageFile size 115M)
current process WorkingSet (physical memory assigned to process): 12M, peak: 12M
current process commit charge ("private bytes"): 55M, peak: 309M

vm_info: OpenJDK 64-Bit Server VM (17.0.14+7) for windows-amd64 JRE (17.0.14+7), built on Jan 21 2025 23:40:15 by "admin" with MS VC++ 17.7 (VS2022)

END.
